[2025-01-28 07:39:21] local.INFO: array (
  'id' => '8',
  'title' => 'Education Scheme',
  'organisation_name' => 'UDOM',
  'education_level' => 'Pre Primary Education',
  'training_phase' => '1',
  'max_participants' => '26',
  'description' => 'Education Scheme',
  'start_date' => '2025-01-28',
  'end_date' => '2025-02-08',
  'start_time' => '10:39',
  'duration_days' => '12',
  'region_id' => '3',
  'district_id' => '15',
  'ward_id' => '101',
  'venue_name' => 'Uhuru',
  'subjects' => 
  array (
    0 => '12',
    1 => '2',
    2 => '15',
  ),
)  
[2025-01-28 07:41:36] local.INFO: User and Organization details {"user_id":"b1cc2317-b77b-4b7b-8e9e-531803f0531d","organization":{"organization_id":8,"user_id":"b1cc2317-b77b-4b7b-8e9e-531803f0531d","name":"UDOM","type":"Government","registration_number":"S.6595","email":"mwakalinga@gmail.com","phone":"0747274129","address":"Slp 92 Ramadhani street

NJOMBE","status":"active","approval_letter_path":"approval_letters/VmyKqhfWcmlh0EkRx1ZoCDX8Gg1bzoeTEb1wKbCb.pdf","approval_letter_uploaded_at":"2025-01-08T09:51:55.000000Z","created_at":"2025-01-07T11:12:52.000000Z","updated_at":"2025-01-13T18:40:41.000000Z","approval_letter_url":"http://127.0.0.1:8000/storage/approval_letters/VmyKqhfWcmlh0EkRx1ZoCDX8Gg1bzoeTEb1wKbCb.pdf"}} 
[2025-01-28 07:41:36] local.INFO: Training query results {"count":2,"organization_id":8,"first_training":{"App\\Models\\Training":{"training_id":56,"training_code":"TRN-2025-0052-P2","organization_id":8,"region_id":3,"district_id":11,"ward_id":75,"venue_name":"Uhuru","title":"Science Scheme","description":"Science for Development of Africa","education_level":"Primary","training_phase":2,"duration_days":31,"max_participants":41,"start_date":"2025-01-21T00:00:00.000000Z","start_time":"2025-01-28T12:43:00.000000Z","end_date":"2025-01-28T00:00:00.000000Z","status":"pending","rejection_reason":null,"created_at":"2025-01-13T08:44:17.000000Z","updated_at":"2025-01-13T08:44:17.000000Z","verified_at":null,"verified_by":null,"rejected_at":null,"rejected_by":null,"started_at":null,"completed_at":null,"region":{"region_id":3,"region_name":"Dodoma"},"district":{"district_id":11,"region_id":3,"district_name":"Dodoma City","created_at":null,"updated_at":null},"ward":{"ward_id":75,"district_id":11,"ward_name":"Kilimani","created_at":null,"updated_at":null}}}} 
[2025-01-28 07:41:36] local.INFO: Final trainings result {"count":2,"total":2} 
[2025-01-28 07:41:37] local.INFO: User and Organization details {"user_id":"b1cc2317-b77b-4b7b-8e9e-531803f0531d","organization":{"organization_id":8,"user_id":"b1cc2317-b77b-4b7b-8e9e-531803f0531d","name":"UDOM","type":"Government","registration_number":"S.6595","email":"mwakalinga@gmail.com","phone":"0747274129","address":"Slp 92 Ramadhani street

NJOMBE","status":"active","approval_letter_path":"approval_letters/VmyKqhfWcmlh0EkRx1ZoCDX8Gg1bzoeTEb1wKbCb.pdf","approval_letter_uploaded_at":"2025-01-08T09:51:55.000000Z","created_at":"2025-01-07T11:12:52.000000Z","updated_at":"2025-01-13T18:40:41.000000Z","approval_letter_url":"http://127.0.0.1:8000/storage/approval_letters/VmyKqhfWcmlh0EkRx1ZoCDX8Gg1bzoeTEb1wKbCb.pdf"}} 
[2025-01-28 07:41:37] local.INFO: Training query results {"count":2,"organization_id":8,"first_training":{"App\\Models\\Training":{"training_id":56,"training_code":"TRN-2025-0052-P2","organization_id":8,"region_id":3,"district_id":11,"ward_id":75,"venue_name":"Uhuru","title":"Science Scheme","description":"Science for Development of Africa","education_level":"Primary","training_phase":2,"duration_days":31,"max_participants":41,"start_date":"2025-01-21T00:00:00.000000Z","start_time":"2025-01-28T12:43:00.000000Z","end_date":"2025-01-28T00:00:00.000000Z","status":"pending","rejection_reason":null,"created_at":"2025-01-13T08:44:17.000000Z","updated_at":"2025-01-13T08:44:17.000000Z","verified_at":null,"verified_by":null,"rejected_at":null,"rejected_by":null,"started_at":null,"completed_at":null,"region":{"region_id":3,"region_name":"Dodoma"},"district":{"district_id":11,"region_id":3,"district_name":"Dodoma City","created_at":null,"updated_at":null},"ward":{"ward_id":75,"district_id":11,"ward_name":"Kilimani","created_at":null,"updated_at":null}}}} 
[2025-01-28 07:41:37] local.INFO: Final trainings result {"count":2,"total":2} 
[2025-01-28 07:42:15] local.INFO: Getting districts for region {"region_id":"1"} 
[2025-01-28 07:42:15] local.INFO: Districts fetched {"region_id":"1","count":7} 
[2025-01-28 07:42:17] local.INFO: Getting wards for district {"district_id":"2"} 
[2025-01-28 07:42:17] local.INFO: Wards fetched {"district_id":"2","count":7} 
[2025-01-28 07:42:31] local.INFO: array (
  'organization_id' => '8',
  'title' => 'Elimu Scheme',
  'organisation_name' => 'UDOM',
  'education_level' => 'Pre Primary Education',
  'training_phase' => '1',
  'max_participants' => '85',
  'description' => 'Elimu Scheme',
  'start_date' => '2025-01-28',
  'end_date' => '2025-02-09',
  'start_time' => '10:42',
  'duration_days' => '13',
  'region_id' => '1',
  'district_id' => '2',
  'ward_id' => '9',
  'venue_name' => 'Uhuru',
  'subjects' => 
  array (
    0 => '4',
    1 => '5',
    2 => '9',
  ),
)  
[2025-01-28 07:42:35] local.INFO: User and Organization details {"user_id":"b1cc2317-b77b-4b7b-8e9e-531803f0531d","organization":{"organization_id":8,"user_id":"b1cc2317-b77b-4b7b-8e9e-531803f0531d","name":"UDOM","type":"Government","registration_number":"S.6595","email":"mwakalinga@gmail.com","phone":"0747274129","address":"Slp 92 Ramadhani street

NJOMBE","status":"active","approval_letter_path":"approval_letters/VmyKqhfWcmlh0EkRx1ZoCDX8Gg1bzoeTEb1wKbCb.pdf","approval_letter_uploaded_at":"2025-01-08T09:51:55.000000Z","created_at":"2025-01-07T11:12:52.000000Z","updated_at":"2025-01-13T18:40:41.000000Z","approval_letter_url":"http://127.0.0.1:8000/storage/approval_letters/VmyKqhfWcmlh0EkRx1ZoCDX8Gg1bzoeTEb1wKbCb.pdf"}} 
[2025-01-28 07:42:35] local.INFO: Training query results {"count":3,"organization_id":8,"first_training":{"App\\Models\\Training":{"training_id":56,"training_code":"TRN-2025-0052-P2","organization_id":8,"region_id":3,"district_id":11,"ward_id":75,"venue_name":"Uhuru","title":"Science Scheme","description":"Science for Development of Africa","education_level":"Primary","training_phase":2,"duration_days":31,"max_participants":41,"start_date":"2025-01-21T00:00:00.000000Z","start_time":"2025-01-28T12:43:00.000000Z","end_date":"2025-01-28T00:00:00.000000Z","status":"pending","rejection_reason":null,"created_at":"2025-01-13T08:44:17.000000Z","updated_at":"2025-01-13T08:44:17.000000Z","verified_at":null,"verified_by":null,"rejected_at":null,"rejected_by":null,"started_at":null,"completed_at":null,"region":{"region_id":3,"region_name":"Dodoma"},"district":{"district_id":11,"region_id":3,"district_name":"Dodoma City","created_at":null,"updated_at":null},"ward":{"ward_id":75,"district_id":11,"ward_name":"Kilimani","created_at":null,"updated_at":null}}}} 
[2025-01-28 07:42:35] local.INFO: Final trainings result {"count":3,"total":3} 
[2025-01-28 07:43:48] local.INFO: Getting districts for region {"region_id":"6"} 
[2025-01-28 07:43:48] local.INFO: Districts fetched {"region_id":"6","count":8} 
[2025-01-28 07:43:50] local.INFO: Getting wards for district {"district_id":"30"} 
[2025-01-28 07:43:50] local.INFO: Wards fetched {"district_id":"30","count":5} 
[2025-01-28 07:44:10] local.INFO: array (
  'organization_id' => '8',
  'title' => 'Dunia Ngumu',
  'organisation_name' => 'UDOM',
  'education_level' => 'Pre Primary Education',
  'training_phase' => '1',
  'max_participants' => '100',
  'description' => 'Ngumu dunia kumeza',
  'start_date' => '2025-01-28',
  'end_date' => '2025-02-08',
  'start_time' => '10:43',
  'duration_days' => '12',
  'region_id' => '6',
  'district_id' => '30',
  'ward_id' => '175',
  'venue_name' => 'Uhuru',
  'subjects' => 
  array (
    0 => '4',
    1 => '13',
    2 => '5',
  ),
)  
[2025-01-28 07:44:19] local.INFO: User and Organization details {"user_id":"b1cc2317-b77b-4b7b-8e9e-531803f0531d","organization":{"organization_id":8,"user_id":"b1cc2317-b77b-4b7b-8e9e-531803f0531d","name":"UDOM","type":"Government","registration_number":"S.6595","email":"mwakalinga@gmail.com","phone":"0747274129","address":"Slp 92 Ramadhani street

NJOMBE","status":"active","approval_letter_path":"approval_letters/VmyKqhfWcmlh0EkRx1ZoCDX8Gg1bzoeTEb1wKbCb.pdf","approval_letter_uploaded_at":"2025-01-08T09:51:55.000000Z","created_at":"2025-01-07T11:12:52.000000Z","updated_at":"2025-01-13T18:40:41.000000Z","approval_letter_url":"http://127.0.0.1:8000/storage/approval_letters/VmyKqhfWcmlh0EkRx1ZoCDX8Gg1bzoeTEb1wKbCb.pdf"}} 
[2025-01-28 07:44:19] local.INFO: Training query results {"count":4,"organization_id":8,"first_training":{"App\\Models\\Training":{"training_id":56,"training_code":"TRN-2025-0052-P2","organization_id":8,"region_id":3,"district_id":11,"ward_id":75,"venue_name":"Uhuru","title":"Science Scheme","description":"Science for Development of Africa","education_level":"Primary","training_phase":2,"duration_days":31,"max_participants":41,"start_date":"2025-01-21T00:00:00.000000Z","start_time":"2025-01-28T12:43:00.000000Z","end_date":"2025-01-28T00:00:00.000000Z","status":"pending","rejection_reason":null,"created_at":"2025-01-13T08:44:17.000000Z","updated_at":"2025-01-13T08:44:17.000000Z","verified_at":null,"verified_by":null,"rejected_at":null,"rejected_by":null,"started_at":null,"completed_at":null,"region":{"region_id":3,"region_name":"Dodoma"},"district":{"district_id":11,"region_id":3,"district_name":"Dodoma City","created_at":null,"updated_at":null},"ward":{"ward_id":75,"district_id":11,"ward_name":"Kilimani","created_at":null,"updated_at":null}}}} 
[2025-01-28 07:44:19] local.INFO: Final trainings result {"count":4,"total":4} 
[2025-01-28 07:45:36] local.INFO: User and Organization details {"user_id":"b1cc2317-b77b-4b7b-8e9e-531803f0531d","organization":{"organization_id":8,"user_id":"b1cc2317-b77b-4b7b-8e9e-531803f0531d","name":"UDOM","type":"Government","registration_number":"S.6595","email":"mwakalinga@gmail.com","phone":"0747274129","address":"Slp 92 Ramadhani street

NJOMBE","status":"active","approval_letter_path":"approval_letters/VmyKqhfWcmlh0EkRx1ZoCDX8Gg1bzoeTEb1wKbCb.pdf","approval_letter_uploaded_at":"2025-01-08T09:51:55.000000Z","created_at":"2025-01-07T11:12:52.000000Z","updated_at":"2025-01-13T18:40:41.000000Z","approval_letter_url":"http://127.0.0.1:8000/storage/approval_letters/VmyKqhfWcmlh0EkRx1ZoCDX8Gg1bzoeTEb1wKbCb.pdf"}} 
[2025-01-28 07:45:36] local.INFO: Training query results {"count":4,"organization_id":8,"first_training":{"App\\Models\\Training":{"training_id":56,"training_code":"TRN-2025-0052-P2","organization_id":8,"region_id":3,"district_id":11,"ward_id":75,"venue_name":"Uhuru","title":"Science Scheme","description":"Science for Development of Africa","education_level":"Primary","training_phase":2,"duration_days":31,"max_participants":41,"start_date":"2025-01-21T00:00:00.000000Z","start_time":"2025-01-28T12:43:00.000000Z","end_date":"2025-01-28T00:00:00.000000Z","status":"pending","rejection_reason":null,"created_at":"2025-01-13T08:44:17.000000Z","updated_at":"2025-01-13T08:44:17.000000Z","verified_at":null,"verified_by":null,"rejected_at":null,"rejected_by":null,"started_at":null,"completed_at":null,"region":{"region_id":3,"region_name":"Dodoma"},"district":{"district_id":11,"region_id":3,"district_name":"Dodoma City","created_at":null,"updated_at":null},"ward":{"ward_id":75,"district_id":11,"ward_name":"Kilimani","created_at":null,"updated_at":null}}}} 
[2025-01-28 07:45:36] local.INFO: Final trainings result {"count":4,"total":4} 
[2025-01-28 07:46:31] local.INFO: User and Organization details {"user_id":"b1cc2317-b77b-4b7b-8e9e-531803f0531d","organization":{"organization_id":8,"user_id":"b1cc2317-b77b-4b7b-8e9e-531803f0531d","name":"UDOM","type":"Government","registration_number":"S.6595","email":"mwakalinga@gmail.com","phone":"0747274129","address":"Slp 92 Ramadhani street

NJOMBE","status":"active","approval_letter_path":"approval_letters/VmyKqhfWcmlh0EkRx1ZoCDX8Gg1bzoeTEb1wKbCb.pdf","approval_letter_uploaded_at":"2025-01-08T09:51:55.000000Z","created_at":"2025-01-07T11:12:52.000000Z","updated_at":"2025-01-13T18:40:41.000000Z","approval_letter_url":"http://127.0.0.1:8000/storage/approval_letters/VmyKqhfWcmlh0EkRx1ZoCDX8Gg1bzoeTEb1wKbCb.pdf"}} 
[2025-01-28 07:46:31] local.INFO: Training query results {"count":4,"organization_id":8,"first_training":{"App\\Models\\Training":{"training_id":56,"training_code":"TRN-2025-0052-P2","organization_id":8,"region_id":3,"district_id":11,"ward_id":75,"venue_name":"Uhuru","title":"Science Scheme","description":"Science for Development of Africa","education_level":"Primary","training_phase":2,"duration_days":31,"max_participants":41,"start_date":"2025-01-21T00:00:00.000000Z","start_time":"2025-01-28T12:43:00.000000Z","end_date":"2025-01-28T00:00:00.000000Z","status":"pending","rejection_reason":null,"created_at":"2025-01-13T08:44:17.000000Z","updated_at":"2025-01-13T08:44:17.000000Z","verified_at":null,"verified_by":null,"rejected_at":null,"rejected_by":null,"started_at":null,"completed_at":null,"region":{"region_id":3,"region_name":"Dodoma"},"district":{"district_id":11,"region_id":3,"district_name":"Dodoma City","created_at":null,"updated_at":null},"ward":{"ward_id":75,"district_id":11,"ward_name":"Kilimani","created_at":null,"updated_at":null}}}} 
[2025-01-28 07:46:31] local.INFO: Final trainings result {"count":4,"total":4} 
[2025-01-28 07:47:02] local.INFO: User and Organization details {"user_id":"b1cc2317-b77b-4b7b-8e9e-531803f0531d","organization":{"organization_id":8,"user_id":"b1cc2317-b77b-4b7b-8e9e-531803f0531d","name":"UDOM","type":"Government","registration_number":"S.6595","email":"mwakalinga@gmail.com","phone":"0747274129","address":"Slp 92 Ramadhani street

NJOMBE","status":"active","approval_letter_path":"approval_letters/VmyKqhfWcmlh0EkRx1ZoCDX8Gg1bzoeTEb1wKbCb.pdf","approval_letter_uploaded_at":"2025-01-08T09:51:55.000000Z","created_at":"2025-01-07T11:12:52.000000Z","updated_at":"2025-01-13T18:40:41.000000Z","approval_letter_url":"http://127.0.0.1:8000/storage/approval_letters/VmyKqhfWcmlh0EkRx1ZoCDX8Gg1bzoeTEb1wKbCb.pdf"}} 
[2025-01-28 07:47:02] local.INFO: Training query results {"count":4,"organization_id":8,"first_training":{"App\\Models\\Training":{"training_id":56,"training_code":"TRN-2025-0052-P2","organization_id":8,"region_id":3,"district_id":11,"ward_id":75,"venue_name":"Uhuru","title":"Science Scheme","description":"Science for Development of Africa","education_level":"Primary","training_phase":2,"duration_days":31,"max_participants":41,"start_date":"2025-01-21T00:00:00.000000Z","start_time":"2025-01-28T12:43:00.000000Z","end_date":"2025-01-28T00:00:00.000000Z","status":"pending","rejection_reason":null,"created_at":"2025-01-13T08:44:17.000000Z","updated_at":"2025-01-13T08:44:17.000000Z","verified_at":null,"verified_by":null,"rejected_at":null,"rejected_by":null,"started_at":null,"completed_at":null,"region":{"region_id":3,"region_name":"Dodoma"},"district":{"district_id":11,"region_id":3,"district_name":"Dodoma City","created_at":null,"updated_at":null},"ward":{"ward_id":75,"district_id":11,"ward_name":"Kilimani","created_at":null,"updated_at":null}}}} 
[2025-01-28 07:47:02] local.INFO: Final trainings result {"count":4,"total":4} 
[2025-01-28 07:51:55] local.INFO: User and Organization details {"user_id":"b1cc2317-b77b-4b7b-8e9e-531803f0531d","organization":{"organization_id":8,"user_id":"b1cc2317-b77b-4b7b-8e9e-531803f0531d","name":"UDOM","type":"Government","registration_number":"S.6595","email":"mwakalinga@gmail.com","phone":"0747274129","address":"Slp 92 Ramadhani street

NJOMBE","status":"active","approval_letter_path":"approval_letters/VmyKqhfWcmlh0EkRx1ZoCDX8Gg1bzoeTEb1wKbCb.pdf","approval_letter_uploaded_at":"2025-01-08T09:51:55.000000Z","created_at":"2025-01-07T11:12:52.000000Z","updated_at":"2025-01-13T18:40:41.000000Z","approval_letter_url":"http://127.0.0.1:8000/storage/approval_letters/VmyKqhfWcmlh0EkRx1ZoCDX8Gg1bzoeTEb1wKbCb.pdf"}} 
[2025-01-28 07:51:55] local.INFO: Training query results {"count":4,"organization_id":8,"first_training":{"App\\Models\\Training":{"training_id":56,"training_code":"TRN-2025-0052-P2","organization_id":8,"region_id":3,"district_id":11,"ward_id":75,"venue_name":"Uhuru","title":"Science Scheme","description":"Science for Development of Africa","education_level":"Primary","training_phase":2,"duration_days":31,"max_participants":41,"start_date":"2025-01-21T00:00:00.000000Z","start_time":"2025-01-28T12:43:00.000000Z","end_date":"2025-01-28T00:00:00.000000Z","status":"pending","rejection_reason":null,"created_at":"2025-01-13T08:44:17.000000Z","updated_at":"2025-01-13T08:44:17.000000Z","verified_at":null,"verified_by":null,"rejected_at":null,"rejected_by":null,"started_at":null,"completed_at":null,"region":{"region_id":3,"region_name":"Dodoma"},"district":{"district_id":11,"region_id":3,"district_name":"Dodoma City","created_at":null,"updated_at":null},"ward":{"ward_id":75,"district_id":11,"ward_name":"Kilimani","created_at":null,"updated_at":null}}}} 
[2025-01-28 07:51:55] local.INFO: Final trainings result {"count":4,"total":4} 
[2025-01-28 07:52:54] local.INFO: User and Organization details {"user_id":"b1cc2317-b77b-4b7b-8e9e-531803f0531d","organization":{"organization_id":8,"user_id":"b1cc2317-b77b-4b7b-8e9e-531803f0531d","name":"UDOM","type":"Government","registration_number":"S.6595","email":"mwakalinga@gmail.com","phone":"0747274129","address":"Slp 92 Ramadhani street

NJOMBE","status":"active","approval_letter_path":"approval_letters/VmyKqhfWcmlh0EkRx1ZoCDX8Gg1bzoeTEb1wKbCb.pdf","approval_letter_uploaded_at":"2025-01-08T09:51:55.000000Z","created_at":"2025-01-07T11:12:52.000000Z","updated_at":"2025-01-13T18:40:41.000000Z","approval_letter_url":"http://127.0.0.1:8000/storage/approval_letters/VmyKqhfWcmlh0EkRx1ZoCDX8Gg1bzoeTEb1wKbCb.pdf"}} 
[2025-01-28 07:52:54] local.INFO: Training query results {"count":4,"organization_id":8,"first_training":{"App\\Models\\Training":{"training_id":56,"training_code":"TRN-2025-0052-P2","organization_id":8,"region_id":3,"district_id":11,"ward_id":75,"venue_name":"Uhuru","title":"Science Scheme","description":"Science for Development of Africa","education_level":"Primary","training_phase":2,"duration_days":31,"max_participants":41,"start_date":"2025-01-21T00:00:00.000000Z","start_time":"2025-01-28T12:43:00.000000Z","end_date":"2025-01-28T00:00:00.000000Z","status":"pending","rejection_reason":null,"created_at":"2025-01-13T08:44:17.000000Z","updated_at":"2025-01-13T08:44:17.000000Z","verified_at":null,"verified_by":null,"rejected_at":null,"rejected_by":null,"started_at":null,"completed_at":null,"region":{"region_id":3,"region_name":"Dodoma"},"district":{"district_id":11,"region_id":3,"district_name":"Dodoma City","created_at":null,"updated_at":null},"ward":{"ward_id":75,"district_id":11,"ward_name":"Kilimani","created_at":null,"updated_at":null}}}} 
[2025-01-28 07:52:54] local.INFO: Final trainings result {"count":4,"total":4} 
[2025-01-28 07:52:55] local.INFO: User and Organization details {"user_id":"b1cc2317-b77b-4b7b-8e9e-531803f0531d","organization":{"organization_id":8,"user_id":"b1cc2317-b77b-4b7b-8e9e-531803f0531d","name":"UDOM","type":"Government","registration_number":"S.6595","email":"mwakalinga@gmail.com","phone":"0747274129","address":"Slp 92 Ramadhani street

NJOMBE","status":"active","approval_letter_path":"approval_letters/VmyKqhfWcmlh0EkRx1ZoCDX8Gg1bzoeTEb1wKbCb.pdf","approval_letter_uploaded_at":"2025-01-08T09:51:55.000000Z","created_at":"2025-01-07T11:12:52.000000Z","updated_at":"2025-01-13T18:40:41.000000Z","approval_letter_url":"http://127.0.0.1:8000/storage/approval_letters/VmyKqhfWcmlh0EkRx1ZoCDX8Gg1bzoeTEb1wKbCb.pdf"}} 
[2025-01-28 07:52:55] local.INFO: Training query results {"count":4,"organization_id":8,"first_training":{"App\\Models\\Training":{"training_id":56,"training_code":"TRN-2025-0052-P2","organization_id":8,"region_id":3,"district_id":11,"ward_id":75,"venue_name":"Uhuru","title":"Science Scheme","description":"Science for Development of Africa","education_level":"Primary","training_phase":2,"duration_days":31,"max_participants":41,"start_date":"2025-01-21T00:00:00.000000Z","start_time":"2025-01-28T12:43:00.000000Z","end_date":"2025-01-28T00:00:00.000000Z","status":"pending","rejection_reason":null,"created_at":"2025-01-13T08:44:17.000000Z","updated_at":"2025-01-13T08:44:17.000000Z","verified_at":null,"verified_by":null,"rejected_at":null,"rejected_by":null,"started_at":null,"completed_at":null,"region":{"region_id":3,"region_name":"Dodoma"},"district":{"district_id":11,"region_id":3,"district_name":"Dodoma City","created_at":null,"updated_at":null},"ward":{"ward_id":75,"district_id":11,"ward_name":"Kilimani","created_at":null,"updated_at":null}}}} 
[2025-01-28 07:52:55] local.INFO: Final trainings result {"count":4,"total":4} 
[2025-01-28 07:54:06] local.INFO: User and Organization details {"user_id":"b1cc2317-b77b-4b7b-8e9e-531803f0531d","organization":{"organization_id":8,"user_id":"b1cc2317-b77b-4b7b-8e9e-531803f0531d","name":"UDOM","type":"Government","registration_number":"S.6595","email":"mwakalinga@gmail.com","phone":"0747274129","address":"Slp 92 Ramadhani street

NJOMBE","status":"active","approval_letter_path":"approval_letters/VmyKqhfWcmlh0EkRx1ZoCDX8Gg1bzoeTEb1wKbCb.pdf","approval_letter_uploaded_at":"2025-01-08T09:51:55.000000Z","created_at":"2025-01-07T11:12:52.000000Z","updated_at":"2025-01-13T18:40:41.000000Z","approval_letter_url":"http://127.0.0.1:8000/storage/approval_letters/VmyKqhfWcmlh0EkRx1ZoCDX8Gg1bzoeTEb1wKbCb.pdf"}} 
[2025-01-28 07:54:06] local.INFO: Training query results {"count":4,"organization_id":8,"first_training":{"App\\Models\\Training":{"training_id":56,"training_code":"TRN-2025-0052-P2","organization_id":8,"region_id":3,"district_id":11,"ward_id":75,"venue_name":"Uhuru","title":"Science Scheme","description":"Science for Development of Africa","education_level":"Primary","training_phase":2,"duration_days":31,"max_participants":41,"start_date":"2025-01-21T00:00:00.000000Z","start_time":"2025-01-28T12:43:00.000000Z","end_date":"2025-01-28T00:00:00.000000Z","status":"pending","rejection_reason":null,"created_at":"2025-01-13T08:44:17.000000Z","updated_at":"2025-01-13T08:44:17.000000Z","verified_at":null,"verified_by":null,"rejected_at":null,"rejected_by":null,"started_at":null,"completed_at":null,"region":{"region_id":3,"region_name":"Dodoma"},"district":{"district_id":11,"region_id":3,"district_name":"Dodoma City","created_at":null,"updated_at":null},"ward":{"ward_id":75,"district_id":11,"ward_name":"Kilimani","created_at":null,"updated_at":null}}}} 
[2025-01-28 07:54:06] local.INFO: Final trainings result {"count":4,"total":4} 
